[2025-01-02 17:35:15] [INFO] Starting Collavas server v0.1.4
[2025-01-02 17:35:15] [INFO] Loading Dependencies...
[2025-01-02 17:35:15] [INFO] Successfully started!
[2025-01-02 17:35:15] [INFO] Server is running on port 3000
[2025-01-02 17:35:15] [INFO] Connected Clients: 0
[2025-01-02 17:35:19] [INFO] Connected Clients: 1
[2025-01-02 17:36:13] [INFO] NaN 1735868173756
[2025-01-02 17:36:13] [INFO] 8f5bbf5e-9848-422f-9e41-6a84807effe1 {"type":"draw","drawing":[{"x":5195,"y":4934,"color":"#000000"},{"x":5195,"y":4935,"color":"#000000"},{"x":5195,"y":4944,"color":"#000000"},{"x":5195,"y":4954,"color":"#000000"},{"x":5196,"y":4961,"color":"#000000"},{"x":5196,"y":4964,"color":"#000000"},{"x":5196,"y":4964,"color":"#000000"},{"x":5203,"y":4953,"color":"#000000"},{"x":5209,"y":4949,"color":"#000000"},{"x":5215,"y":4957,"color":"#000000"},{"x":5216,"y":4964,"color":"#000000"},{"x":5207,"y":4966,"color":"#000000"},{"x":5195,"y":4961,"color":"#000000"},{"x":5194,"y":4960,"color":"#000000"},{"x":5195,"y":4960,"color":"#000000"}],"valid":"8f5bbf5e-9848-422f-9e41-6a84807effe1"}
[2025-01-02 17:36:26] [INFO] Drawing not authenticated 8f5bbf5e-9848-422f-9e41-6a84807effe1
[2025-01-02 17:36:32] [INFO] 18580 1735868192337
[2025-01-02 17:36:32] [INFO] 8f5bbf5e-9848-422f-9e41-6a84807effe1 {"type":"draw","drawing":[{"x":5194,"y":4936,"color":"#000000"},{"x":5194,"y":4939,"color":"#000000"},{"x":5194,"y":4953,"color":"#000000"},{"x":5194,"y":4964,"color":"#000000"},{"x":5194,"y":4964,"color":"#000000"},{"x":5196,"y":4946,"color":"#000000"},{"x":5197,"y":4940,"color":"#000000"},{"x":5197,"y":4938,"color":"#000000"},{"x":5197,"y":4939,"color":"#000000"},{"x":5193,"y":4957,"color":"#000000"},{"x":5193,"y":4969,"color":"#000000"},{"x":5194,"y":4969,"color":"#000000"},{"x":5197,"y":4948,"color":"#000000"},{"x":5196,"y":4938,"color":"#000000"},{"x":5193,"y":4934,"color":"#000000"},{"x":5196,"y":4947,"color":"#000000"},{"x":5199,"y":4964,"color":"#000000"},{"x":5199,"y":4966,"color":"#000000"},{"x":5196,"y":4955,"color":"#000000"},{"x":5195,"y":4945,"color":"#000000"}],"valid":"8f5bbf5e-9848-422f-9e41-6a84807effe1"}
[2025-01-02 17:36:35] [INFO] 3396 1735868195735
[2025-01-02 17:36:35] [INFO] 8f5bbf5e-9848-422f-9e41-6a84807effe1 {"type":"draw","drawing":[{"x":5197,"y":4962,"color":"#000000"},{"x":5197,"y":4959,"color":"#000000"},{"x":5204,"y":4952,"color":"#000000"},{"x":5214,"y":4952,"color":"#000000"},{"x":5216,"y":4956,"color":"#000000"},{"x":5213,"y":4963,"color":"#000000"},{"x":5212,"y":4964,"color":"#000000"},{"x":5203,"y":4963,"color":"#000000"},{"x":5191,"y":4959,"color":"#000000"},{"x":5190,"y":4956,"color":"#000000"},{"x":5202,"y":4951,"color":"#000000"},{"x":5211,"y":4951,"color":"#000000"},{"x":5214,"y":4952,"color":"#000000"},{"x":5215,"y":4958,"color":"#000000"},{"x":5212,"y":4966,"color":"#000000"},{"x":5204,"y":4967,"color":"#000000"},{"x":5195,"y":4963,"color":"#000000"},{"x":5192,"y":4957,"color":"#000000"},{"x":5194,"y":4954,"color":"#000000"},{"x":5201,"y":4951,"color":"#000000"},{"x":5207,"y":4954,"color":"#000000"},{"x":5210,"y":4958,"color":"#000000"},{"x":5211,"y":4963,"color":"#000000"},{"x":5209,"y":4967,"color":"#000000"},{"x":5205,"y":4968,"color":"#000000"},{"x":5200,"y":4964,"color":"#000000"},{"x":5197,"y":4959,"color":"#000000"},{"x":5197,"y":4959,"color":"#000000"}],"valid":"8f5bbf5e-9848-422f-9e41-6a84807effe1"}
[2025-01-02 17:36:41] [INFO] 5774 1735868201510
[2025-01-02 17:36:41] [INFO] 8f5bbf5e-9848-422f-9e41-6a84807effe1 {"type":"draw","drawing":[{"x":5222,"y":4963,"color":"#000000"},{"x":5224,"y":4955,"color":"#000000"},{"x":5227,"y":4931,"color":"#000000"},{"x":5227,"y":4932,"color":"#000000"},{"x":5228,"y":4948,"color":"#000000"},{"x":5228,"y":4958,"color":"#000000"},{"x":5228,"y":4960,"color":"#000000"},{"x":5227,"y":4960,"color":"#000000"},{"x":5223,"y":4949,"color":"#000000"},{"x":5225,"y":4936,"color":"#000000"},{"x":5226,"y":4932,"color":"#000000"},{"x":5226,"y":4946,"color":"#000000"},{"x":5226,"y":4962,"color":"#000000"},{"x":5226,"y":4963,"color":"#000000"},{"x":5226,"y":4956,"color":"#000000"},{"x":5227,"y":4935,"color":"#000000"},{"x":5228,"y":4933,"color":"#000000"},{"x":5227,"y":4942,"color":"#000000"},{"x":5222,"y":4962,"color":"#000000"},{"x":5222,"y":4964,"color":"#000000"},{"x":5227,"y":4951,"color":"#000000"},{"x":5228,"y":4946,"color":"#000000"},{"x":5229,"y":4944,"color":"#000000"},{"x":5239,"y":4942,"color":"#000000"},{"x":5244,"y":4947,"color":"#000000"},{"x":5245,"y":4950,"color":"#000000"},{"x":5245,"y":4948,"color":"#000000"},{"x":5244,"y":4943,"color":"#000000"},{"x":5238,"y":4942,"color":"#000000"},{"x":5233,"y":4944,"color":"#000000"},{"x":5228,"y":4947,"color":"#000000"},{"x":5228,"y":4949,"color":"#000000"},{"x":5229,"y":4948,"color":"#000000"},{"x":5236,"y":4942,"color":"#000000"},{"x":5240,"y":4941,"color":"#000000"},{"x":5242,"y":4945,"color":"#000000"},{"x":5244,"y":4948,"color":"#000000"},{"x":5240,"y":4945,"color":"#000000"},{"x":5234,"y":4941,"color":"#000000"},{"x":5227,"y":4946,"color":"#000000"},{"x":5225,"y":4952,"color":"#000000"},{"x":5225,"y":4955,"color":"#000000"},{"x":5229,"y":4950,"color":"#000000"},{"x":5242,"y":4942,"color":"#000000"},{"x":5245,"y":4942,"color":"#000000"},{"x":5246,"y":4946,"color":"#000000"},{"x":5245,"y":4951,"color":"#000000"},{"x":5243,"y":4947,"color":"#000000"},{"x":5240,"y":4943,"color":"#000000"},{"x":5234,"y":4945,"color":"#000000"},{"x":5229,"y":4950,"color":"#000000"},{"x":5228,"y":4954,"color":"#000000"},{"x":5228,"y":4955,"color":"#000000"}],"valid":"8f5bbf5e-9848-422f-9e41-6a84807effe1"}
[2025-01-02 17:36:50] [INFO] 9007 1735868210518
[2025-01-02 17:36:50] [INFO] 8f5bbf5e-9848-422f-9e41-6a84807effe1 {"type":"draw","drawing":[{"x":5264,"y":4932,"color":"#000000"},{"x":5263,"y":4935,"color":"#000000"},{"x":5257,"y":4956,"color":"#000000"},{"x":5259,"y":4964,"color":"#000000"},{"x":5264,"y":4964,"color":"#000000"},{"x":5278,"y":4952,"color":"#000000"},{"x":5283,"y":4939,"color":"#000000"},{"x":5285,"y":4932,"color":"#000000"},{"x":5285,"y":4931,"color":"#000000"},{"x":5285,"y":4940,"color":"#000000"},{"x":5282,"y":4958,"color":"#000000"},{"x":5280,"y":4963,"color":"#000000"},{"x":5262,"y":4964,"color":"#000000"},{"x":5258,"y":4959,"color":"#000000"},{"x":5262,"y":4944,"color":"#000000"},{"x":5267,"y":4936,"color":"#000000"},{"x":5269,"y":4934,"color":"#000000"},{"x":5269,"y":4934,"color":"#000000"},{"x":5263,"y":4944,"color":"#000000"},{"x":5258,"y":4958,"color":"#000000"},{"x":5258,"y":4963,"color":"#000000"},{"x":5265,"y":4962,"color":"#000000"},{"x":5280,"y":4952,"color":"#000000"},{"x":5283,"y":4947,"color":"#000000"},{"x":5283,"y":4940,"color":"#000000"},{"x":5283,"y":4938,"color":"#000000"},{"x":5282,"y":4942,"color":"#000000"},{"x":5275,"y":4955,"color":"#000000"},{"x":5270,"y":4961,"color":"#000000"},{"x":5260,"y":4959,"color":"#000000"},{"x":5259,"y":4955,"color":"#000000"},{"x":5265,"y":4938,"color":"#000000"},{"x":5266,"y":4937,"color":"#000000"},{"x":5266,"y":4938,"color":"#000000"},{"x":5260,"y":4951,"color":"#000000"},{"x":5256,"y":4961,"color":"#000000"},{"x":5257,"y":4965,"color":"#000000"},{"x":5271,"y":4962,"color":"#000000"},{"x":5283,"y":4953,"color":"#000000"},{"x":5287,"y":4940,"color":"#000000"},{"x":5287,"y":4935,"color":"#000000"},{"x":5287,"y":4935,"color":"#000000"},{"x":5278,"y":4951,"color":"#000000"},{"x":5273,"y":4959,"color":"#000000"},{"x":5269,"y":4960,"color":"#000000"},{"x":5258,"y":4958,"color":"#000000"},{"x":5255,"y":4952,"color":"#000000"},{"x":5259,"y":4938,"color":"#000000"},{"x":5264,"y":4932,"color":"#000000"},{"x":5264,"y":4932,"color":"#000000"},{"x":5259,"y":4945,"color":"#000000"},{"x":5256,"y":4955,"color":"#000000"},{"x":5256,"y":4960,"color":"#000000"},{"x":5270,"y":4961,"color":"#000000"},{"x":5277,"y":4951,"color":"#000000"},{"x":5279,"y":4945,"color":"#000000"},{"x":5280,"y":4940,"color":"#000000"},{"x":5282,"y":4938,"color":"#000000"},{"x":5282,"y":4937,"color":"#000000"},{"x":5279,"y":4943,"color":"#000000"},{"x":5273,"y":4951,"color":"#000000"},{"x":5267,"y":4956,"color":"#000000"},{"x":5263,"y":4956,"color":"#000000"},{"x":5259,"y":4953,"color":"#000000"},{"x":5258,"y":4944,"color":"#000000"},{"x":5264,"y":4933,"color":"#000000"},{"x":5267,"y":4928,"color":"#000000"},{"x":5267,"y":4929,"color":"#000000"},{"x":5256,"y":4944,"color":"#000000"},{"x":5253,"y":4955,"color":"#000000"},{"x":5255,"y":4957,"color":"#000000"},{"x":5270,"y":4957,"color":"#000000"},{"x":5280,"y":4946,"color":"#000000"},{"x":5283,"y":4940,"color":"#000000"},{"x":5284,"y":4939,"color":"#000000"},{"x":5284,"y":4939,"color":"#000000"},{"x":5276,"y":4952,"color":"#000000"},{"x":5267,"y":4958,"color":"#000000"},{"x":5256,"y":4956,"color":"#000000"},{"x":5258,"y":4944,"color":"#000000"},{"x":5265,"y":4934,"color":"#000000"},{"x":5265,"y":4933,"color":"#000000"}],"valid":"8f5bbf5e-9848-422f-9e41-6a84807effe1"}
[2025-01-02 17:37:01] [INFO] 10889 1735868221408
[2025-01-02 17:37:01] [INFO] 8f5bbf5e-9848-422f-9e41-6a84807effe1 {"type":"draw","drawing":[{"x":5301,"y":4919,"color":"#000000"},{"x":5301,"y":4921,"color":"#000000"},{"x":5302,"y":4942,"color":"#000000"},{"x":5299,"y":4955,"color":"#000000"},{"x":5297,"y":4961,"color":"#000000"},{"x":5297,"y":4961,"color":"#000000"},{"x":5298,"y":4946,"color":"#000000"},{"x":5299,"y":4939,"color":"#000000"},{"x":5303,"y":4939,"color":"#000000"},{"x":5307,"y":4951,"color":"#000000"},{"x":5307,"y":4958,"color":"#000000"},{"x":5307,"y":4962,"color":"#000000"},{"x":5306,"y":4963,"color":"#000000"},{"x":5306,"y":4963,"color":"#000000"},{"x":5307,"y":4948,"color":"#000000"},{"x":5305,"y":4941,"color":"#000000"},{"x":5305,"y":4940,"color":"#000000"},{"x":5301,"y":4942,"color":"#000000"},{"x":5298,"y":4947,"color":"#000000"},{"x":5296,"y":4954,"color":"#000000"},{"x":5296,"y":4955,"color":"#000000"},{"x":5296,"y":4954,"color":"#000000"},{"x":5299,"y":4938,"color":"#000000"},{"x":5300,"y":4932,"color":"#000000"},{"x":5301,"y":4927,"color":"#000000"},{"x":5301,"y":4928,"color":"#000000"},{"x":5299,"y":4942,"color":"#000000"},{"x":5297,"y":4953,"color":"#000000"},{"x":5296,"y":4959,"color":"#000000"},{"x":5296,"y":4960,"color":"#000000"},{"x":5298,"y":4949,"color":"#000000"},{"x":5303,"y":4944,"color":"#000000"},{"x":5307,"y":4947,"color":"#000000"},{"x":5310,"y":4959,"color":"#000000"},{"x":5311,"y":4962,"color":"#000000"},{"x":5311,"y":4963,"color":"#000000"},{"x":5311,"y":4958,"color":"#000000"},{"x":5308,"y":4943,"color":"#000000"},{"x":5303,"y":4940,"color":"#000000"},{"x":5299,"y":4944,"color":"#000000"},{"x":5295,"y":4953,"color":"#000000"},{"x":5295,"y":4958,"color":"#000000"},{"x":5295,"y":4961,"color":"#000000"},{"x":5295,"y":4958,"color":"#000000"},{"x":5301,"y":4939,"color":"#000000"},{"x":5302,"y":4932,"color":"#000000"},{"x":5302,"y":4931,"color":"#000000"},{"x":5302,"y":4931,"color":"#000000"},{"x":5303,"y":4940,"color":"#000000"},{"x":5299,"y":4953,"color":"#000000"},{"x":5296,"y":4960,"color":"#000000"},{"x":5296,"y":4961,"color":"#000000"},{"x":5297,"y":4955,"color":"#000000"},{"x":5303,"y":4945,"color":"#000000"},{"x":5308,"y":4944,"color":"#000000"},{"x":5312,"y":4958,"color":"#000000"},{"x":5310,"y":4964,"color":"#000000"},{"x":5310,"y":4965,"color":"#000000"},{"x":5311,"y":4959,"color":"#000000"},{"x":5311,"y":4946,"color":"#000000"},{"x":5310,"y":4944,"color":"#000000"},{"x":5307,"y":4943,"color":"#000000"},{"x":5298,"y":4949,"color":"#000000"},{"x":5293,"y":4960,"color":"#000000"},{"x":5293,"y":4966,"color":"#000000"},{"x":5293,"y":4965,"color":"#000000"},{"x":5296,"y":4954,"color":"#000000"},{"x":5300,"y":4939,"color":"#000000"},{"x":5301,"y":4934,"color":"#000000"},{"x":5301,"y":4935,"color":"#000000"},{"x":5298,"y":4949,"color":"#000000"},{"x":5297,"y":4959,"color":"#000000"},{"x":5295,"y":4963,"color":"#000000"},{"x":5298,"y":4956,"color":"#000000"},{"x":5304,"y":4943,"color":"#000000"},{"x":5309,"y":4943,"color":"#000000"},{"x":5311,"y":4948,"color":"#000000"},{"x":5311,"y":4955,"color":"#000000"},{"x":5311,"y":4959,"color":"#000000"},{"x":5310,"y":4961,"color":"#000000"},{"x":5310,"y":4957,"color":"#000000"},{"x":5309,"y":4945,"color":"#000000"},{"x":5308,"y":4944,"color":"#000000"},{"x":5302,"y":4947,"color":"#000000"},{"x":5295,"y":4952,"color":"#000000"},{"x":5293,"y":4960,"color":"#000000"},{"x":5292,"y":4963,"color":"#000000"},{"x":5293,"y":4961,"color":"#000000"},{"x":5299,"y":4944,"color":"#000000"},{"x":5304,"y":4932,"color":"#000000"},{"x":5305,"y":4931,"color":"#000000"},{"x":5304,"y":4932,"color":"#000000"},{"x":5299,"y":4946,"color":"#000000"},{"x":5296,"y":4955,"color":"#000000"},{"x":5296,"y":4956,"color":"#000000"},{"x":5296,"y":4957,"color":"#000000"},{"x":5296,"y":4955,"color":"#000000"},{"x":5301,"y":4942,"color":"#000000"},{"x":5304,"y":4933,"color":"#000000"},{"x":5304,"y":4933,"color":"#000000"},{"x":5302,"y":4939,"color":"#000000"},{"x":5299,"y":4944,"color":"#000000"}],"valid":"8f5bbf5e-9848-422f-9e41-6a84807effe1"}
[2025-01-02 17:40:04] [INFO] Connected Clients: 0
[2025-01-02 17:40:06] [INFO] Connected Clients: 1
[2025-01-02 17:40:51] [INFO] Connected Clients: 0
[2025-01-02 17:40:53] [INFO] Connected Clients: 1
[2025-01-02 17:42:03] [INFO] Connected Clients: 0
[2025-01-02 17:42:05] [INFO] Connected Clients: 1
[2025-01-02 17:42:50] [INFO] Connected Clients: 0
[2025-01-02 17:42:51] [INFO] Connected Clients: 1
[2025-01-02 17:44:01] [INFO] Connected Clients: 0
[2025-01-02 17:44:03] [INFO] Connected Clients: 1
[2025-01-02 17:44:48] [INFO] Connected Clients: 0
[2025-01-02 17:44:49] [INFO] Connected Clients: 1
[2025-01-02 17:45:59] [INFO] Connected Clients: 0
[2025-01-02 17:46:01] [INFO] Connected Clients: 1
[2025-01-02 17:46:46] [INFO] Connected Clients: 0
[2025-01-02 17:46:48] [INFO] Connected Clients: 1
[2025-01-02 17:47:58] [INFO] Connected Clients: 0
[2025-01-02 17:47:59] [INFO] Connected Clients: 1
[2025-01-02 17:48:44] [INFO] Connected Clients: 0
[2025-01-02 17:48:46] [INFO] Connected Clients: 1
[2025-01-02 17:49:56] [INFO] Connected Clients: 0
[2025-01-02 17:49:58] [INFO] Connected Clients: 1
[2025-01-02 17:50:43] [INFO] Connected Clients: 0
[2025-01-02 17:50:45] [INFO] Connected Clients: 1
[2025-01-02 17:51:55] [INFO] Connected Clients: 0
[2025-01-02 17:51:57] [INFO] Connected Clients: 1
[2025-01-02 17:52:42] [INFO] Connected Clients: 0
[2025-01-02 17:52:44] [INFO] Connected Clients: 1
[2025-01-02 17:53:54] [INFO] Connected Clients: 0
[2025-01-02 17:53:55] [INFO] Connected Clients: 1
[2025-01-02 17:54:40] [INFO] Connected Clients: 0
[2025-01-02 17:54:42] [INFO] Connected Clients: 1
[2025-01-02 17:55:52] [INFO] Connected Clients: 0
[2025-01-02 17:55:53] [INFO] Connected Clients: 1
[2025-01-02 17:57:03] [INFO] Connected Clients: 0
[2025-01-02 17:57:05] [INFO] Connected Clients: 1
[2025-01-02 17:57:50] [INFO] Connected Clients: 0
[2025-01-02 17:57:51] [INFO] Connected Clients: 1
[2025-01-02 17:59:01] [INFO] Connected Clients: 0
[2025-01-02 17:59:03] [INFO] Connected Clients: 1
[2025-01-02 17:59:48] [INFO] Connected Clients: 0
[2025-01-02 17:59:50] [INFO] Connected Clients: 1
[2025-01-02 18:01:00] [INFO] Connected Clients: 0
[2025-01-02 18:01:02] [INFO] Connected Clients: 1
[2025-01-02 18:01:47] [INFO] Connected Clients: 0
[2025-01-02 18:01:48] [INFO] Connected Clients: 1
[2025-01-02 18:02:58] [INFO] Connected Clients: 0
[2025-01-02 18:03:00] [INFO] Connected Clients: 1
[2025-01-02 18:03:45] [INFO] Connected Clients: 0
[2025-01-02 18:03:47] [INFO] Connected Clients: 1
[2025-01-02 18:04:57] [INFO] Connected Clients: 0
[2025-01-02 18:04:59] [INFO] Connected Clients: 1
[2025-01-02 18:05:44] [INFO] Connected Clients: 0
[2025-01-02 18:05:46] [INFO] Connected Clients: 1
[2025-01-02 18:06:56] [INFO] Connected Clients: 0
[2025-01-02 18:06:58] [INFO] Connected Clients: 1
[2025-01-02 18:07:43] [INFO] Connected Clients: 0
[2025-01-02 18:07:45] [INFO] Connected Clients: 1
[2025-01-02 18:08:55] [INFO] Connected Clients: 0
[2025-01-02 18:08:57] [INFO] Connected Clients: 1
[2025-01-02 18:09:42] [INFO] Connected Clients: 0
[2025-01-02 18:09:44] [INFO] Connected Clients: 1
[2025-01-02 18:10:54] [INFO] Connected Clients: 0
[2025-01-02 18:10:56] [INFO] Connected Clients: 1
[2025-01-02 18:11:41] [INFO] Connected Clients: 0
[2025-01-02 18:11:43] [INFO] Connected Clients: 1
[2025-01-02 18:12:53] [INFO] Connected Clients: 0
[2025-01-02 18:12:55] [INFO] Connected Clients: 1
[2025-01-02 18:13:40] [INFO] Connected Clients: 0
[2025-01-02 18:13:42] [INFO] Connected Clients: 1
[2025-01-02 18:14:52] [INFO] Connected Clients: 0
[2025-01-02 18:14:54] [INFO] Connected Clients: 1
[2025-01-02 18:15:39] [INFO] Connected Clients: 0
[2025-01-02 18:15:41] [INFO] Connected Clients: 1
[2025-01-02 18:16:51] [INFO] Connected Clients: 0
[2025-01-02 18:16:53] [INFO] Connected Clients: 1
[2025-01-02 18:18:03] [INFO] Connected Clients: 0
[2025-01-02 18:18:05] [INFO] Connected Clients: 1
[2025-01-02 18:18:50] [INFO] Connected Clients: 0
[2025-01-02 18:18:52] [INFO] Connected Clients: 1
[2025-01-02 18:20:02] [INFO] Connected Clients: 0
[2025-01-02 18:20:04] [INFO] Connected Clients: 1
[2025-01-02 18:20:49] [INFO] Connected Clients: 0
[2025-01-02 18:20:51] [INFO] Connected Clients: 1
[2025-01-02 18:22:01] [INFO] Connected Clients: 0
[2025-01-02 18:22:03] [INFO] Connected Clients: 1
[2025-01-02 18:22:47] [INFO] Connected Clients: 0
[2025-01-02 18:22:49] [INFO] Connected Clients: 1
[2025-01-02 18:23:59] [INFO] Connected Clients: 0
[2025-01-02 18:24:01] [INFO] Connected Clients: 1
[2025-01-02 18:24:46] [INFO] Connected Clients: 0
[2025-01-02 18:24:47] [INFO] Connected Clients: 1
[2025-01-02 18:25:57] [INFO] Connected Clients: 0
[2025-01-02 18:25:59] [INFO] Connected Clients: 1
[2025-01-02 18:26:44] [INFO] Connected Clients: 0
[2025-01-02 18:26:46] [INFO] Connected Clients: 1
[2025-01-02 18:27:56] [INFO] Connected Clients: 0
[2025-01-02 18:27:58] [INFO] Connected Clients: 1
[2025-01-02 18:28:42] [INFO] Connected Clients: 0
[2025-01-02 18:28:45] [INFO] Connected Clients: 1
[2025-01-02 18:29:55] [INFO] Connected Clients: 0
[2025-01-02 18:29:57] [INFO] Connected Clients: 1
[2025-01-02 18:30:41] [INFO] Connected Clients: 0
[2025-01-02 18:30:44] [INFO] Connected Clients: 1
[2025-01-02 18:30:47] [INFO] Connected Clients: 0
[2025-01-02 20:42:35] [INFO] Connected Clients: 1
[2025-01-02 20:42:35] [INFO] Connected Clients: 0
[2025-01-02 20:43:07] [INFO] Connected Clients: 1
[2025-01-02 20:43:14] [INFO] Connected Clients: 0
